<?xml version="1.0" encoding="UTF-8"?>
<!-- Generated by org.testng.reporters.JUnitXMLReporter -->
<testsuite ignored="0" hostname="Shabeers-MacBook-Air.local" failures="0" tests="5" name="Default test" time="7.391" errors="0" timestamp="2026-01-12T19:25:31 IST">
  <testcase classname="test.UserTestCases" name="testCreateUser" time="4.179"/>
  <testcase classname="test.UserTestCases" name="testListUser" time="0.692"/>
  <testcase classname="test.UserTestCases" name="testGetUser" time="0.589"/>
  <testcase classname="test.UserTestCases" name="testPutUser" time="0.527"/>
  <testcase classname="test.UserTestCases" name="testDltUser" time="0.515"/>
</testsuite> <!-- Default test -->
