<?xml version="1.0" encoding="UTF-8"?>
<!-- Generated by org.testng.reporters.JUnitXMLReporter -->
<testsuite ignored="0" hostname="Shabeers-MacBook-Air.local" failures="0" tests="5" name="Test" time="7.879" errors="0" timestamp="2026-01-12T19:49:44 IST">
  <testcase classname="test.UserTestCases" name="testCreateUser" time="3.758"/>
  <testcase classname="test.UserTestCases" name="testListUser" time="0.62"/>
  <testcase classname="test.UserTestCases" name="testGetUser" time="0.577"/>
  <testcase classname="test.UserTestCases" name="testPutUser" time="0.539"/>
  <testcase classname="test.UserTestCases" name="testDltUser" time="0.521"/>
</testsuite> <!-- Test -->
