<?xml version="1.0" encoding="UTF-8"?>
<testsuite xmlns:xsi="http://www.w3.org/2001/XMLSchema-instance" xsi:noNamespaceSchemaLocation="https://maven.apache.org/surefire/maven-surefire-plugin/xsd/surefire-test-report.xsd" version="3.0.2" name="TestSuite" time="4.666" tests="5" errors="0" skipped="0" failures="0">
  <properties>
[...]
</properties>
  <testcase name="testCreateUser" classname="test.UserTestCases" time="1.543">
    <system-out><![CDATA[HTTP/1.1 200 OK
Content-Type: application/json; charset=utf-8; v=1.0
Date: Mon, 12 Jan 2026 14:23:49 GMT
Server: Kestrel
Transfer-Encoding: chunked
api-supported-versions: 1.0

{
    "id": 9,
    "userName": "lenny.buckridge",
    "password": "y01g30i"
}
Id is: 9
]]></system-out>
    <system-err><![CDATA[SLF4J(W): No SLF4J providers were found.
SLF4J(W): Defaulting to no-operation (NOP) logger implementation
SLF4J(W): See https://www.slf4j.org/codes.html#noProviders for further details.
]]></system-err>
  </testcase>
  <testcase name="testListUser" classname="test.UserTestCases" time="0.586">
    <system-out><![CDATA[HTTP/1.1 200 OK
Content-Type: application/json; charset=utf-8; v=1.0
Date: Mon, 12 Jan 2026 14:23:50 GMT
Server: Kestrel
Transfer-Encoding: chunked
api-supported-versions: 1.0

[
    {
        "id": 1,
        "userName": "User 1",
        "password": "Password1"
    },
    {
        "id": 2,
        "userName": "User 2",
        "password": "Password2"
    },
    {
        "id": 3,
        "userName": "User 3",
        "password": "Password3"
    },
    {
        "id": 4,
        "userName": "User 4",
        "password": "Password4"
    },
    {
        "id": 5,
        "userName": "User 5",
        "password": "Password5"
    },
    {
        "id": 6,
        "userName": "User 6",
        "password": "Password6"
    },
    {
        "id": 7,
        "userName": "User 7",
        "password": "Password7"
    },
    {
        "id": 8,
        "userName": "User 8",
        "password": "Password8"
    },
    {
        "id": 9,
        "userName": "User 9",
        "password": "Password9"
    },
    {
        "id": 10,
        "userName": "User 10",
        "password": "Password10"
    }
]
]]></system-out>
  </testcase>
  <testcase name="testGetUser" classname="test.UserTestCases" time="0.482">
    <system-out><![CDATA[{
    "id": 9,
    "userName": "User 9",
    "password": "Password9"
}
]]></system-out>
  </testcase>
  <testcase name="testPutUser" classname="test.UserTestCases" time="0.477">
    <system-out><![CDATA[{
    "id": 22,
    "userName": "rakkadc",
    "password": "oksxbjqkb"
}
]]></system-out>
  </testcase>
  <testcase name="testDltUser" classname="test.UserTestCases" time="0.479">
    <system-out><![CDATA[{
    "id": 6,
    "userName": "User 6",
    "password": "Password6"
}
]]></system-out>
  </testcase>
</testsuite>