<?xml version="1.0" encoding="UTF-8"?>
<testng-results ignored="0" total="5" passed="5" failed="0" skipped="0">
  <reporter-output>
  </reporter-output>
  <suite started-at="2026-01-12T19:53:48 IST" name="Suite" finished-at="2026-01-12T19:53:52 IST" duration-ms="4231">
    <groups>
    </groups>
    <test started-at="2026-01-12T19:53:48 IST" name="Test" finished-at="2026-01-12T19:53:52 IST" duration-ms="4231">
      <class name="test.UserTestCases">
        <test-method is-config="true" signature="setup()[pri:0, instance:test.UserTestCases@4f18837a]" started-at="2026-01-12T19:53:48 IST" name="setup" finished-at="2026-01-12T19:53:48 IST" duration-ms="445" status="PASS">
          <reporter-output>
          </reporter-output>
        </test-method> <!-- setup -->
        <test-method signature="testCreateUser()[pri:1, instance:test.UserTestCases@4f18837a]" started-at="2026-01-12T19:53:48 IST" name="testCreateUser" finished-at="2026-01-12T19:53:50 IST" duration-ms="1511" status="PASS">
          <reporter-output>
          </reporter-output>
        </test-method> <!-- testCreateUser -->
        <test-method signature="testListUser()[pri:2, instance:test.UserTestCases@4f18837a]" started-at="2026-01-12T19:53:50 IST" name="testListUser" finished-at="2026-01-12T19:53:50 IST" duration-ms="593" status="PASS">
          <reporter-output>
          </reporter-output>
        </test-method> <!-- testListUser -->
        <test-method signature="testGetUser()[pri:3, instance:test.UserTestCases@4f18837a]" started-at="2026-01-12T19:53:50 IST" name="testGetUser" finished-at="2026-01-12T19:53:51 IST" duration-ms="489" status="PASS">
          <reporter-output>
          </reporter-output>
        </test-method> <!-- testGetUser -->
        <test-method signature="testPutUser()[pri:4, instance:test.UserTestCases@4f18837a]" started-at="2026-01-12T19:53:51 IST" name="testPutUser" finished-at="2026-01-12T19:53:51 IST" duration-ms="475" status="PASS">
          <reporter-output>
          </reporter-output>
        </test-method> <!-- testPutUser -->
        <test-method signature="testDltUser()[pri:5, instance:test.UserTestCases@4f18837a]" started-at="2026-01-12T19:53:51 IST" name="testDltUser" finished-at="2026-01-12T19:53:52 IST" duration-ms="476" status="PASS">
          <reporter-output>
          </reporter-output>
        </test-method> <!-- testDltUser -->
      </class> <!-- test.UserTestCases -->
    </test> <!-- Test -->
  </suite> <!-- Suite -->
</testng-results>
