<?xml version="1.0" encoding="UTF-8"?>
<!-- Generated by org.testng.reporters.JUnitReportReporter -->
<testsuite hostname="Shabeers-MacBook-Air.local" failures="0" tests="5" name="test.UserTestCases" time="6.015" errors="0" timestamp="2026-01-12T19:49:45 IST" skipped="0">
  <testcase classname="test.UserTestCases" name="testCreateUser" time="3.758"/>
  <testcase classname="test.UserTestCases" name="testListUser" time="0.620"/>
  <testcase classname="test.UserTestCases" name="testGetUser" time="0.577"/>
  <testcase classname="test.UserTestCases" name="testPutUser" time="0.539"/>
  <testcase classname="test.UserTestCases" name="testDltUser" time="0.521"/>
</testsuite> <!-- test.UserTestCases -->
