<?xml version="1.0" encoding="UTF-8"?>
<!-- Generated by org.testng.reporters.JUnitReportReporter -->
<testsuite hostname="Shabeers-MacBook-Air.local" failures="0" tests="5" name="test.UserTestCases" time="3.544" errors="0" timestamp="2026-01-12T19:53:52 IST" skipped="0">
  <testcase classname="test.UserTestCases" name="testCreateUser" time="1.511"/>
  <testcase classname="test.UserTestCases" name="testListUser" time="0.593"/>
  <testcase classname="test.UserTestCases" name="testGetUser" time="0.489"/>
  <testcase classname="test.UserTestCases" name="testPutUser" time="0.475"/>
  <testcase classname="test.UserTestCases" name="testDltUser" time="0.476"/>
</testsuite> <!-- test.UserTestCases -->
